Hive history file=/tmp/wyukawa/hive_job_log_wyukawa_201204031924_142933860.txt
OK
Time taken: 24.918 seconds
OK
Time taken: 0.872 seconds
OK
Time taken: 0.556 seconds
OK
Time taken: 0.129 seconds
OK
Time taken: 0.517 seconds
OK
Time taken: 0.194 seconds
Total MapReduce jobs = 3
Launching Job 1 out of 3
Number of reduce tasks not specified. Estimated from input data size: 1
In order to change the average load for a reducer (in bytes):
  set hive.exec.reducers.bytes.per.reducer=<number>
In order to limit the maximum number of reducers:
  set hive.exec.reducers.max=<number>
In order to set a constant number of reducers:
  set mapred.reduce.tasks=<number>
Starting Job = job_201203290005_0014, Tracking URL = http://localhost:50030/jobdetails.jsp?jobid=job_201203290005_0014
Kill Command = /usr/lib/hadoop/bin/hadoop job  -Dmapred.job.tracker=localhost:8021 -kill job_201203290005_0014
2012-04-03 19:25:47,231 Stage-3 map = 0%,  reduce = 0%
2012-04-03 19:26:08,707 Stage-3 map = 50%,  reduce = 0%
2012-04-03 19:26:11,881 Stage-3 map = 100%,  reduce = 0%
2012-04-03 19:26:40,216 Stage-3 map = 100%,  reduce = 67%
2012-04-03 19:26:51,405 Stage-3 map = 100%,  reduce = 72%
2012-04-03 19:26:53,842 Stage-3 map = 100%,  reduce = 100%
Ended Job = job_201203290005_0014
Loading data to table default.choiki_name_table
Deleted hdfs://localhost/user/hive/warehouse/choiki_name_table
Launching Job 2 out of 3
Number of reduce tasks not specified. Estimated from input data size: 1
In order to change the average load for a reducer (in bytes):
  set hive.exec.reducers.bytes.per.reducer=<number>
In order to limit the maximum number of reducers:
  set hive.exec.reducers.max=<number>
In order to set a constant number of reducers:
  set mapred.reduce.tasks=<number>
Starting Job = job_201203290005_0015, Tracking URL = http://localhost:50030/jobdetails.jsp?jobid=job_201203290005_0015
Kill Command = /usr/lib/hadoop/bin/hadoop job  -Dmapred.job.tracker=localhost:8021 -kill job_201203290005_0015
2012-04-03 19:27:23,689 Stage-4 map = 0%,  reduce = 0%
2012-04-03 19:27:38,478 Stage-4 map = 100%,  reduce = 0%
2012-04-03 19:28:00,636 Stage-4 map = 100%,  reduce = 100%
Ended Job = job_201203290005_0015
Launching Job 3 out of 3
Number of reduce tasks not specified. Estimated from input data size: 1
In order to change the average load for a reducer (in bytes):
  set hive.exec.reducers.bytes.per.reducer=<number>
In order to limit the maximum number of reducers:
  set hive.exec.reducers.max=<number>
In order to set a constant number of reducers:
  set mapred.reduce.tasks=<number>
Starting Job = job_201203290005_0016, Tracking URL = http://localhost:50030/jobdetails.jsp?jobid=job_201203290005_0016
Kill Command = /usr/lib/hadoop/bin/hadoop job  -Dmapred.job.tracker=localhost:8021 -kill job_201203290005_0016
2012-04-03 19:28:28,075 Stage-5 map = 0%,  reduce = 0%
2012-04-03 19:28:41,701 Stage-5 map = 100%,  reduce = 0%
2012-04-03 19:29:01,738 Stage-5 map = 100%,  reduce = 100%
Ended Job = job_201203290005_0016
Loading data to table default.todoufuken_name_table
Deleted hdfs://localhost/user/hive/warehouse/todoufuken_name_table
Loading data to table default.choson_name_table
Deleted hdfs://localhost/user/hive/warehouse/choson_name_table
47 Rows loaded to todoufuken_name_table
1882 Rows loaded to choson_name_table
OK
Time taken: 226.528 seconds
